<?xml version="1.0" encoding="UTF-8"?>
<!-- Generated by org.testng.reporters.JUnitReportReporter -->
<testsuite hostname="DESKTOP-P10AQS1" failures="0" tests="20" name="hw1.SubtractTest" time="0.003" errors="0" timestamp="2021-03-22T20:11:10 MSK" skipped="0">
  <testcase classname="hw1.SubtractTest" name="addLongTest" time="0.000"/>
  <system-out/>
  <testcase classname="hw1.SubtractTest" name="addDoubleTest" time="0.000"/>
  <system-out/>
  <testcase classname="hw1.SubtractTest" name="addDoubleTest" time="0.000"/>
  <system-out/>
  <testcase classname="hw1.SubtractTest" name="addDoubleTest" time="0.000"/>
  <system-out/>
  <testcase classname="hw1.SubtractTest" name="addLongTest" time="0.000"/>
  <system-out/>
  <testcase classname="hw1.SubtractTest" name="addLongTest" time="0.001"/>
  <system-out/>
  <testcase classname="hw1.SubtractTest" name="addDoubleTest" time="0.000"/>
  <system-out/>
  <testcase classname="hw1.SubtractTest" name="addDoubleTest" time="0.000"/>
  <system-out/>
  <testcase classname="hw1.SubtractTest" name="addLongTest" time="0.000"/>
  <system-out/>
  <testcase classname="hw1.SubtractTest" name="addDoubleTest" time="0.000"/>
  <system-out/>
  <testcase classname="hw1.SubtractTest" name="addLongTest" time="0.000"/>
  <system-out/>
  <testcase classname="hw1.SubtractTest" name="addLongTest" time="0.000"/>
  <system-out/>
  <testcase classname="hw1.SubtractTest" name="addLongTest" time="0.000"/>
  <system-out/>
  <testcase classname="hw1.SubtractTest" name="addLongTest" time="0.000"/>
  <system-out/>
  <testcase classname="hw1.SubtractTest" name="addDoubleTest" time="0.001"/>
  <system-out/>
  <testcase classname="hw1.SubtractTest" name="addLongTest" time="0.001"/>
  <system-out/>
  <testcase classname="hw1.SubtractTest" name="addDoubleTest" time="0.000"/>
  <system-out/>
  <testcase classname="hw1.SubtractTest" name="addLongTest" time="0.000"/>
  <system-out/>
  <testcase classname="hw1.SubtractTest" name="addDoubleTest" time="0.000"/>
  <system-out/>
  <testcase classname="hw1.SubtractTest" name="addDoubleTest" time="0.000"/>
  <system-out/>
</testsuite> <!-- hw1.SubtractTest -->
