<?xml version="1.0" encoding="UTF-8"?>
<!-- Generated by org.testng.reporters.JUnitReportReporter -->
<testsuite hostname="DESKTOP-P10AQS1" failures="0" tests="20" name="hw1.DivideTest" time="0.010" errors="0" timestamp="2021-03-22T20:02:44 MSK" skipped="0">
  <testcase classname="hw1.DivideTest" name="divLongTest" time="0.001"/>
  <system-out/>
  <testcase classname="hw1.DivideTest" name="divDoubleTest" time="0.001"/>
  <system-out/>
  <testcase classname="hw1.DivideTest" name="divDoubleTest" time="0.000"/>
  <system-out/>
  <testcase classname="hw1.DivideTest" name="divDoubleTest" time="0.001"/>
  <system-out/>
  <testcase classname="hw1.DivideTest" name="divDoubleTest" time="0.000"/>
  <system-out/>
  <testcase classname="hw1.DivideTest" name="divLongTest" time="0.001"/>
  <system-out/>
  <testcase classname="hw1.DivideTest" name="divDoubleTest" time="0.000"/>
  <system-out/>
  <testcase classname="hw1.DivideTest" name="divLongTest" time="0.001"/>
  <system-out/>
  <testcase classname="hw1.DivideTest" name="divLongTest" time="0.000"/>
  <system-out/>
  <testcase classname="hw1.DivideTest" name="divDoubleTest" time="0.001"/>
  <system-out/>
  <testcase classname="hw1.DivideTest" name="divLongTest" time="0.000"/>
  <system-out/>
  <testcase classname="hw1.DivideTest" name="divDoubleTest" time="0.001"/>
  <system-out/>
  <testcase classname="hw1.DivideTest" name="divDoubleTest" time="0.000"/>
  <system-out/>
  <testcase classname="hw1.DivideTest" name="divLongTest" time="0.001"/>
  <system-out/>
  <testcase classname="hw1.DivideTest" name="divDoubleTest" time="0.001"/>
  <system-out/>
  <testcase classname="hw1.DivideTest" name="divLongTest" time="0.001"/>
  <system-out/>
  <testcase classname="hw1.DivideTest" name="divLongTest" time="0.000"/>
  <system-out/>
  <testcase classname="hw1.DivideTest" name="divDoubleTest" time="0.000"/>
  <system-out/>
  <testcase classname="hw1.DivideTest" name="divLongTest" time="0.000"/>
  <system-out/>
  <testcase classname="hw1.DivideTest" name="divLongTest" time="0.000"/>
  <system-out/>
</testsuite> <!-- hw1.DivideTest -->
