<?xml version="1.0" encoding="UTF-8"?>
<testsuite xmlns:xsi="http://www.w3.org/2001/XMLSchema-instance" xsi:noNamespaceSchemaLocation="https://maven.apache.org/surefire/maven-surefire-plugin/xsd/surefire-test-report.xsd" name="TestSuite" time="1.175" tests="40" errors="0" skipped="0" failures="0">
  <properties>
    <property name="sun.desktop" value="windows"/>
    <property name="awt.toolkit" value="sun.awt.windows.WToolkit"/>
    <property name="java.specification.version" value="11"/>
    <property name="sun.cpu.isalist" value="amd64"/>
    <property name="sun.jnu.encoding" value="Cp1251"/>
    <property name="java.class.path" value="C:\Users\Пользователь\Documents\Учеба\телематика\Технология Тестирования ПО (6 сем)\Лабораторные\Calc\target\test-classes;C:\Users\Пользователь\Documents\Учеба\телематика\Технология Тестирования ПО (6 сем)\Лабораторные\Calc\target\classes;C:\Users\Пользователь\.m2\repository\org\testng\testng\7.1.0\testng-7.1.0.jar;C:\Users\Пользователь\.m2\repository\com\beust\jcommander\1.72\jcommander-1.72.jar;C:\Users\Пользователь\.m2\repository\com\google\inject\guice\4.1.0\guice-4.1.0-no_aop.jar;C:\Users\Пользователь\.m2\repository\javax\inject\javax.inject\1\javax.inject-1.jar;C:\Users\Пользователь\.m2\repository\aopalliance\aopalliance\1.0\aopalliance-1.0.jar;C:\Users\Пользователь\.m2\repository\com\google\guava\guava\19.0\guava-19.0.jar;C:\Users\Пользователь\.m2\repository\org\yaml\snakeyaml\1.21\snakeyaml-1.21.jar;C:\Users\Пользователь\.m2\repository\com\epam\calculator\1.0\calculator-1.0.jar;"/>
    <property name="java.vm.vendor" value="AdoptOpenJDK"/>
    <property name="sun.arch.data.model" value="64"/>
    <property name="user.variant" value=""/>
    <property name="java.vendor.url" value="https://adoptopenjdk.net/"/>
    <property name="user.timezone" value="Europe/Moscow"/>
    <property name="java.vm.specification.version" value="11"/>
    <property name="os.name" value="Windows 10"/>
    <property name="sun.java.launcher" value="SUN_STANDARD"/>
    <property name="user.country" value="RU"/>
    <property name="sun.boot.library.path" value="C:\Users\Пользователь\AppData\Local\Programs\AdoptOpenJDK\jdk-11.0.9.101-hotspot\bin"/>
    <property name="sun.java.command" value="C:\Users\Пользователь\AppData\Local\Temp\surefire10776806481212265892\surefirebooter4682979534278733935.jar C:\Users\Пользователь\AppData\Local\Temp\surefire10776806481212265892 2021-03-22T20-11-08_006-jvmRun1 surefire9622029856796281455tmp surefire_015184541231045642721tmp"/>
    <property name="jdk.debug" value="release"/>
    <property name="surefire.test.class.path" value="C:\Users\Пользователь\Documents\Учеба\телематика\Технология Тестирования ПО (6 сем)\Лабораторные\Calc\target\test-classes;C:\Users\Пользователь\Documents\Учеба\телематика\Технология Тестирования ПО (6 сем)\Лабораторные\Calc\target\classes;C:\Users\Пользователь\.m2\repository\org\testng\testng\7.1.0\testng-7.1.0.jar;C:\Users\Пользователь\.m2\repository\com\beust\jcommander\1.72\jcommander-1.72.jar;C:\Users\Пользователь\.m2\repository\com\google\inject\guice\4.1.0\guice-4.1.0-no_aop.jar;C:\Users\Пользователь\.m2\repository\javax\inject\javax.inject\1\javax.inject-1.jar;C:\Users\Пользователь\.m2\repository\aopalliance\aopalliance\1.0\aopalliance-1.0.jar;C:\Users\Пользователь\.m2\repository\com\google\guava\guava\19.0\guava-19.0.jar;C:\Users\Пользователь\.m2\repository\org\yaml\snakeyaml\1.21\snakeyaml-1.21.jar;C:\Users\Пользователь\.m2\repository\com\epam\calculator\1.0\calculator-1.0.jar;"/>
    <property name="sun.cpu.endian" value="little"/>
    <property name="user.home" value="C:\Users\Пользователь"/>
    <property name="user.language" value="ru"/>
    <property name="java.specification.vendor" value="Oracle Corporation"/>
    <property name="java.version.date" value="2020-11-04"/>
    <property name="java.home" value="C:\Users\Пользователь\AppData\Local\Programs\AdoptOpenJDK\jdk-11.0.9.101-hotspot"/>
    <property name="file.separator" value="\"/>
    <property name="basedir" value="C:\Users\Пользователь\Documents\Учеба\телематика\Технология Тестирования ПО (6 сем)\Лабораторные\Calc"/>
    <property name="java.vm.compressedOopsMode" value="32-bit"/>
    <property name="line.separator" value="&#10;"/>
    <property name="java.specification.name" value="Java Platform API Specification"/>
    <property name="java.vm.specification.vendor" value="Oracle Corporation"/>
    <property name="java.awt.graphicsenv" value="sun.awt.Win32GraphicsEnvironment"/>
    <property name="surefire.real.class.path" value="C:\Users\Пользователь\AppData\Local\Temp\surefire10776806481212265892\surefirebooter4682979534278733935.jar"/>
    <property name="user.script" value=""/>
    <property name="sun.management.compiler" value="HotSpot 64-Bit Tiered Compilers"/>
    <property name="java.runtime.version" value="11.0.9.1+1"/>
    <property name="user.name" value="Пользователь"/>
    <property name="path.separator" value=";"/>
    <property name="os.version" value="10.0"/>
    <property name="java.runtime.name" value="OpenJDK Runtime Environment"/>
    <property name="file.encoding" value="Cp1251"/>
    <property name="java.vm.name" value="OpenJDK 64-Bit Server VM"/>
    <property name="java.vendor.version" value="AdoptOpenJDK"/>
    <property name="localRepository" value="C:\Users\Пользователь\.m2\repository"/>
    <property name="java.vendor.url.bug" value="https://github.com/AdoptOpenJDK/openjdk-support/issues"/>
    <property name="java.io.tmpdir" value="C:\Users\Пользователь\AppData\Local\Temp\"/>
    <property name="java.version" value="11.0.9.1"/>
    <property name="user.dir" value="C:\Users\Пользователь\Documents\Учеба\телематика\Технология Тестирования ПО (6 сем)\Лабораторные\Calc"/>
    <property name="os.arch" value="amd64"/>
    <property name="java.vm.specification.name" value="Java Virtual Machine Specification"/>
    <property name="java.awt.printerjob" value="sun.awt.windows.WPrinterJob"/>
    <property name="sun.os.patch.level" value=""/>
    <property name="java.library.path" value="C:\Users\Пользователь\AppData\Local\Programs\AdoptOpenJDK\jdk-11.0.9.101-hotspot\bin;C:\WINDOWS\Sun\Java\bin;C:\WINDOWS\system32;C:\WINDOWS;C:\ProgramData\Oracle\Java\javapath;C:\WINDOWS\system32;C:\WINDOWS;C:\WINDOWS\System32\Wbem;C:\WINDOWS\System32\WindowsPowerShell\v1.0\;c:\Program Files (x86)\Microsoft SQL Server\100\Tools\Binn\;c:\Program Files (x86)\Microsoft SQL Server\100\DTS\Binn\;C:\Program Files (x86)\MATLAB\R2008a\bin;C:\Program Files (x86)\MATLAB\R2008a\bin\win32;C:\Program Files (x86)\doxygen\bin;C:\Program Files\doxygen\bin;C:\WINDOWS\System32\OpenSSH\;C:\Program Files\dotnet\;C:\Program Files\Microsoft\Web Platform Installer\;C:\Program Files (x86)\Microsoft ASP.NET\ASP.NET Web Pages\v1.0\;C:\Program Files\Microsoft SQL Server\110\Tools\Binn\;C:\Program Files\Intel\WiFi\bin\;C:\Program Files\Common Files\Intel\WirelessCommon\;C:\Program Files\PuTTY\;C:\Program Files (x86)\Intel\Intel(R) Management Engine Components\DAL;C:\Program Files\Intel\Intel(R) Management Engine Components\DAL;C:\Program Files\Microsoft SQL Server\120\Tools\Binn\;C:\Program Files\Common Files\Autodesk Shared\;%MAVEN_HOME%\bin;C:\Program Files\apache-maven-3.6.3\bin;;%USERPROFILE%\AppData\Local\Microsoft\WindowsApps;."/>
    <property name="java.vm.info" value="mixed mode"/>
    <property name="java.vendor" value="AdoptOpenJDK"/>
    <property name="java.vm.version" value="11.0.9.1+1"/>
    <property name="sun.io.unicode.encoding" value="UnicodeLittle"/>
    <property name="java.class.version" value="55.0"/>
  </properties>
  <testcase name="sumDoubleTest" classname="hw1.AddTest" time="0.008"/>
  <testcase name="sumDoubleTest" classname="hw1.AddTest" time="0"/>
  <testcase name="sumDoubleTest" classname="hw1.AddTest" time="0"/>
  <testcase name="sumDoubleTest" classname="hw1.AddTest" time="0"/>
  <testcase name="sumDoubleTest" classname="hw1.AddTest" time="0"/>
  <testcase name="sumDoubleTest" classname="hw1.AddTest" time="0"/>
  <testcase name="sumDoubleTest" classname="hw1.AddTest" time="0"/>
  <testcase name="sumDoubleTest" classname="hw1.AddTest" time="0.004"/>
  <testcase name="sumDoubleTest" classname="hw1.AddTest" time="0.001"/>
  <testcase name="sumDoubleTest" classname="hw1.AddTest" time="0"/>
  <testcase name="sumLongTest" classname="hw1.AddTest" time="0"/>
  <testcase name="sumLongTest" classname="hw1.AddTest" time="0"/>
  <testcase name="sumLongTest" classname="hw1.AddTest" time="0"/>
  <testcase name="sumLongTest" classname="hw1.AddTest" time="0"/>
  <testcase name="sumLongTest" classname="hw1.AddTest" time="0"/>
  <testcase name="sumLongTest" classname="hw1.AddTest" time="0.002"/>
  <testcase name="sumLongTest" classname="hw1.AddTest" time="0"/>
  <testcase name="sumLongTest" classname="hw1.AddTest" time="0"/>
  <testcase name="sumLongTest" classname="hw1.AddTest" time="0.001"/>
  <testcase name="sumLongTest" classname="hw1.AddTest" time="0.001"/>
  <testcase name="addDoubleTest" classname="hw1.SubtractTest" time="0.001"/>
  <testcase name="addDoubleTest" classname="hw1.SubtractTest" time="0.001"/>
  <testcase name="addDoubleTest" classname="hw1.SubtractTest" time="0"/>
  <testcase name="addDoubleTest" classname="hw1.SubtractTest" time="0"/>
  <testcase name="addDoubleTest" classname="hw1.SubtractTest" time="0.001"/>
  <testcase name="addDoubleTest" classname="hw1.SubtractTest" time="0"/>
  <testcase name="addDoubleTest" classname="hw1.SubtractTest" time="0"/>
  <testcase name="addDoubleTest" classname="hw1.SubtractTest" time="0"/>
  <testcase name="addDoubleTest" classname="hw1.SubtractTest" time="0"/>
  <testcase name="addDoubleTest" classname="hw1.SubtractTest" time="0.001"/>
  <testcase name="addLongTest" classname="hw1.SubtractTest" time="0"/>
  <testcase name="addLongTest" classname="hw1.SubtractTest" time="0.001"/>
  <testcase name="addLongTest" classname="hw1.SubtractTest" time="0"/>
  <testcase name="addLongTest" classname="hw1.SubtractTest" time="0"/>
  <testcase name="addLongTest" classname="hw1.SubtractTest" time="0.001"/>
  <testcase name="addLongTest" classname="hw1.SubtractTest" time="0"/>
  <testcase name="addLongTest" classname="hw1.SubtractTest" time="0"/>
  <testcase name="addLongTest" classname="hw1.SubtractTest" time="0.001"/>
  <testcase name="addLongTest" classname="hw1.SubtractTest" time="0.001"/>
  <testcase name="addLongTest" classname="hw1.SubtractTest" time="0"/>
</testsuite>